lifecycle/build/intermediates/manifest_merge_blame_file/debug/manifest-merger-blame-debug-report.txt
1<?xml version="1.0" encoding="utf-8"?>
2<manifest xmlns:android="http://schemas.android.com/apk/res/android"
3    package="com.xzy.lifecycle"
4    android:versionCode="1"
5    android:versionName="1.0" >
6
7    <uses-sdk
8        android:minSdkVersion="19"
8-->src\main\AndroidManifest.xml
9        android:targetSdkVersion="28" />
9-->src\main\AndroidManifest.xml
10
11    <application
11-->src\main\AndroidManifest.xml:5:5-19:19
12        android:allowBackup="true"
12-->src\main\AndroidManifest.xml:6:13-39
13        android:appComponentFactory="android.support.v4.app.CoreComponentFactory"
13-->[com.android.support:support-compat:28.0.0] AndroidManifest.xml:22:18-91
14        android:debuggable="true"
15        android:icon="@mipmap/ic_launcher"
15-->src\main\AndroidManifest.xml:7:13-47
16        android:label="@string/app_name"
16-->src\main\AndroidManifest.xml:8:13-45
17        android:roundIcon="@mipmap/ic_launcher_round"
17-->src\main\AndroidManifest.xml:9:13-58
18        android:supportsRtl="true"
18-->src\main\AndroidManifest.xml:10:13-39
19        android:testOnly="true"
20        android:theme="@style/AppTheme" >
20-->src\main\AndroidManifest.xml:11:13-44
21        <activity android:name="com.xzy.lifecycle.MainActivity" >
21-->src\main\AndroidManifest.xml:12:9-18:20
21-->src\main\AndroidManifest.xml:12:19-47
22            <intent-filter>
22-->src\main\AndroidManifest.xml:13:13-17:29
23                <action android:name="android.intent.action.MAIN" />
23-->src\main\AndroidManifest.xml:14:17-69
23-->src\main\AndroidManifest.xml:14:25-66
24
25                <category android:name="android.intent.category.LAUNCHER" />
25-->src\main\AndroidManifest.xml:16:17-77
25-->src\main\AndroidManifest.xml:16:27-74
26            </intent-filter>
27        </activity>
28
29        <provider
29-->[android.arch.lifecycle:extensions:1.1.1] AndroidManifest.xml:23:9-27:43
30            android:name="android.arch.lifecycle.ProcessLifecycleOwnerInitializer"
30-->[android.arch.lifecycle:extensions:1.1.1] AndroidManifest.xml:24:13-83
31            android:authorities="com.xzy.lifecycle.lifecycle-trojan"
31-->[android.arch.lifecycle:extensions:1.1.1] AndroidManifest.xml:25:13-68
32            android:exported="false"
32-->[android.arch.lifecycle:extensions:1.1.1] AndroidManifest.xml:26:13-37
33            android:multiprocess="true" />
33-->[android.arch.lifecycle:extensions:1.1.1] AndroidManifest.xml:27:13-40
34    </application>
35
36</manifest>